<?xml version="1.0" encoding="UTF-8"?>
<robot generator="Robot 6.0.2 (Python 3.10.6 on linux)" generated="20230219 19:55:05.554" rpa="false" schemaversion="3">
<suite id="s1" name="Test Scouts Football Rf" source="/home/yevgrafova/Documents/GitHub/test_robotframework/test_scouts_football_rf.robot">
<test id="s1-t1" name="Login to the system with correct credentials" line="31">
<kw name="Open login page">
<kw name="Open Browser" library="SeleniumLibrary">
<arg>${LOGIN URL}</arg>
<arg>${BROWSER}</arg>
<doc>Opens a new browser instance to the optional ``url``.</doc>
<msg timestamp="20230219 19:55:05.652" level="INFO">Opening browser 'Chrome' to base url 'https://scouts.futbolkolektyw.pl/en'.</msg>
<status status="PASS" starttime="20230219 19:55:05.651" endtime="20230219 19:55:07.178"/>
</kw>
<kw name="Title Should Be" library="SeleniumLibrary">
<arg>Scouts panel - sign in</arg>
<doc>Verifies that the current page title equals ``title``.</doc>
<msg timestamp="20230219 19:55:07.180" level="INFO">Page title is 'Scouts panel - sign in'.</msg>
<status status="PASS" starttime="20230219 19:55:07.178" endtime="20230219 19:55:07.181"/>
</kw>
<status status="PASS" starttime="20230219 19:55:05.651" endtime="20230219 19:55:07.181"/>
</kw>
<kw name="Type in email">
<kw name="Input Text" library="SeleniumLibrary">
<arg>${LOGIN FIELD}</arg>
<arg>user02@getnada.com</arg>
<doc>Types the given ``text`` into the text field identified by ``locator``.</doc>
<msg timestamp="20230219 19:55:07.181" level="INFO">Typing text 'user02@getnada.com' into text field '//*[@id='login']'.</msg>
<status status="PASS" starttime="20230219 19:55:07.181" endtime="20230219 19:55:07.374"/>
</kw>
<status status="PASS" starttime="20230219 19:55:07.181" endtime="20230219 19:55:07.375"/>
</kw>
<kw name="Type in password">
<kw name="Input Text" library="SeleniumLibrary">
<arg>${PASSWORD FIELD}</arg>
<arg>Test-1234</arg>
<doc>Types the given ``text`` into the text field identified by ``locator``.</doc>
<msg timestamp="20230219 19:55:07.375" level="INFO">Typing text 'Test-1234' into text field '//input[@type='password']'.</msg>
<status status="PASS" starttime="20230219 19:55:07.375" endtime="20230219 19:55:07.486"/>
</kw>
<status status="PASS" starttime="20230219 19:55:07.375" endtime="20230219 19:55:07.487"/>
</kw>
<kw name="Click on the Submit button">
<kw name="Click Element" library="SeleniumLibrary">
<arg>${SIGNINBUTTON}</arg>
<doc>Click the element identified by ``locator``.</doc>
<msg timestamp="20230219 19:55:07.488" level="INFO">Clicking element '//*[@type='submit']'.</msg>
<status status="PASS" starttime="20230219 19:55:07.487" endtime="20230219 19:55:07.546"/>
</kw>
<status status="PASS" starttime="20230219 19:55:07.487" endtime="20230219 19:55:07.546"/>
</kw>
<kw name="Assert dashboard">
<kw name="Wait Until Element Is Visible" library="SeleniumLibrary">
<arg>${PLAYERS BUTTON}</arg>
<doc>Waits until the element ``locator`` is visible.</doc>
<status status="PASS" starttime="20230219 19:55:07.546" endtime="20230219 19:55:09.509"/>
</kw>
<kw name="Title Should Be" library="SeleniumLibrary">
<arg>Scouts panel</arg>
<doc>Verifies that the current page title equals ``title``.</doc>
<msg timestamp="20230219 19:55:09.699" level="INFO" html="true">&lt;/td&gt;&lt;/tr&gt;&lt;tr&gt;&lt;td colspan="3"&gt;&lt;a href="selenium-screenshot-1.png"&gt;&lt;img src="selenium-screenshot-1.png" width="800px"&gt;&lt;/a&gt;</msg>
<msg timestamp="20230219 19:55:09.699" level="FAIL">Title should have been 'Scouts panel' but was 'PANEL SKAUTINGOWY'.</msg>
<status status="FAIL" starttime="20230219 19:55:09.509" endtime="20230219 19:55:09.701"/>
</kw>
<kw name="Capture Page Screenshot" library="SeleniumLibrary">
<arg>dashboard.png</arg>
<doc>Takes a screenshot of the current page and embeds it into a log file.</doc>
<status status="NOT RUN" starttime="20230219 19:55:09.701" endtime="20230219 19:55:09.702"/>
</kw>
<status status="FAIL" starttime="20230219 19:55:07.546" endtime="20230219 19:55:09.702"/>
</kw>
<kw name="Close Browser" library="SeleniumLibrary" type="TEARDOWN">
<doc>Closes the current browser.</doc>
<status status="PASS" starttime="20230219 19:55:09.702" endtime="20230219 19:55:09.760"/>
</kw>
<status status="FAIL" starttime="20230219 19:55:05.650" endtime="20230219 19:55:09.761">Title should have been 'Scouts panel' but was 'PANEL SKAUTINGOWY'.</status>
</test>
<test id="s1-t2" name="Login to the system with incorrect credentials" line="38">
<kw name="Open login page">
<kw name="Open Browser" library="SeleniumLibrary">
<arg>${LOGIN URL}</arg>
<arg>${BROWSER}</arg>
<doc>Opens a new browser instance to the optional ``url``.</doc>
<msg timestamp="20230219 19:55:09.762" level="INFO">Opening browser 'Chrome' to base url 'https://scouts.futbolkolektyw.pl/en'.</msg>
<status status="PASS" starttime="20230219 19:55:09.762" endtime="20230219 19:55:11.190"/>
</kw>
<kw name="Title Should Be" library="SeleniumLibrary">
<arg>Scouts panel - sign in</arg>
<doc>Verifies that the current page title equals ``title``.</doc>
<msg timestamp="20230219 19:55:11.193" level="INFO">Page title is 'Scouts panel - sign in'.</msg>
<status status="PASS" starttime="20230219 19:55:11.190" endtime="20230219 19:55:11.193"/>
</kw>
<status status="PASS" starttime="20230219 19:55:09.762" endtime="20230219 19:55:11.193"/>
</kw>
<kw name="Type in email">
<kw name="Input Text" library="SeleniumLibrary">
<arg>${LOGIN FIELD}</arg>
<arg>user02@getnada.com</arg>
<doc>Types the given ``text`` into the text field identified by ``locator``.</doc>
<msg timestamp="20230219 19:55:11.194" level="INFO">Typing text 'user02@getnada.com' into text field '//*[@id='login']'.</msg>
<status status="PASS" starttime="20230219 19:55:11.194" endtime="20230219 19:55:11.349"/>
</kw>
<status status="PASS" starttime="20230219 19:55:11.193" endtime="20230219 19:55:11.349"/>
</kw>
<kw name="Type in incorrect password">
<kw name="Input Text" library="SeleniumLibrary">
<arg>${PASSWORD FIELD}</arg>
<arg>Test</arg>
<doc>Types the given ``text`` into the text field identified by ``locator``.</doc>
<msg timestamp="20230219 19:55:11.350" level="INFO">Typing text 'Test' into text field '//input[@type='password']'.</msg>
<status status="PASS" starttime="20230219 19:55:11.349" endtime="20230219 19:55:11.423"/>
</kw>
<status status="PASS" starttime="20230219 19:55:11.349" endtime="20230219 19:55:11.423"/>
</kw>
<kw name="Click on the Submit button">
<kw name="Click Element" library="SeleniumLibrary">
<arg>${SIGNINBUTTON}</arg>
<doc>Click the element identified by ``locator``.</doc>
<msg timestamp="20230219 19:55:11.424" level="INFO">Clicking element '//*[@type='submit']'.</msg>
<status status="PASS" starttime="20230219 19:55:11.423" endtime="20230219 19:55:11.465"/>
</kw>
<status status="PASS" starttime="20230219 19:55:11.423" endtime="20230219 19:55:11.465"/>
</kw>
<kw name="Assert login error">
<kw name="Wait Until Element Is Visible" library="SeleniumLibrary">
<arg>${LOGIN ERROR}</arg>
<doc>Waits until the element ``locator`` is visible.</doc>
<status status="PASS" starttime="20230219 19:55:11.466" endtime="20230219 19:55:11.910"/>
</kw>
<kw name="Element Text Should Be" library="SeleniumLibrary">
<arg>${LOGIN ERROR}</arg>
<arg>Identifier or password invalid.</arg>
<doc>Verifies that element ``locator`` contains exact the text ``expected``.</doc>
<msg timestamp="20230219 19:55:11.910" level="INFO">Verifying element '//*/form/div/div[1]/div[3]/span' contains exact text 'Identifier or password invalid.'.</msg>
<status status="PASS" starttime="20230219 19:55:11.910" endtime="20230219 19:55:11.922"/>
</kw>
<kw name="Capture Page Screenshot" library="SeleniumLibrary">
<arg>loginerror.png</arg>
<doc>Takes a screenshot of the current page and embeds it into a log file.</doc>
<msg timestamp="20230219 19:55:12.023" level="INFO" html="true">&lt;/td&gt;&lt;/tr&gt;&lt;tr&gt;&lt;td colspan="3"&gt;&lt;a href="loginerror.png"&gt;&lt;img src="loginerror.png" width="800px"&gt;&lt;/a&gt;</msg>
<status status="PASS" starttime="20230219 19:55:11.922" endtime="20230219 19:55:12.023"/>
</kw>
<status status="PASS" starttime="20230219 19:55:11.465" endtime="20230219 19:55:12.024"/>
</kw>
<kw name="Close Browser" library="SeleniumLibrary" type="TEARDOWN">
<doc>Closes the current browser.</doc>
<status status="PASS" starttime="20230219 19:55:12.024" endtime="20230219 19:55:12.081"/>
</kw>
<status status="PASS" starttime="20230219 19:55:09.761" endtime="20230219 19:55:12.081"/>
</test>
<test id="s1-t3" name="Add a player" line="45">
<kw name="Open login page">
<kw name="Open Browser" library="SeleniumLibrary">
<arg>${LOGIN URL}</arg>
<arg>${BROWSER}</arg>
<doc>Opens a new browser instance to the optional ``url``.</doc>
<msg timestamp="20230219 19:55:12.083" level="INFO">Opening browser 'Chrome' to base url 'https://scouts.futbolkolektyw.pl/en'.</msg>
<status status="PASS" starttime="20230219 19:55:12.082" endtime="20230219 19:55:13.731"/>
</kw>
<kw name="Title Should Be" library="SeleniumLibrary">
<arg>Scouts panel - sign in</arg>
<doc>Verifies that the current page title equals ``title``.</doc>
<msg timestamp="20230219 19:55:13.739" level="INFO">Page title is 'Scouts panel - sign in'.</msg>
<status status="PASS" starttime="20230219 19:55:13.731" endtime="20230219 19:55:13.739"/>
</kw>
<status status="PASS" starttime="20230219 19:55:12.082" endtime="20230219 19:55:13.739"/>
</kw>
<kw name="Type in email">
<kw name="Input Text" library="SeleniumLibrary">
<arg>${LOGIN FIELD}</arg>
<arg>user02@getnada.com</arg>
<doc>Types the given ``text`` into the text field identified by ``locator``.</doc>
<msg timestamp="20230219 19:55:13.740" level="INFO">Typing text 'user02@getnada.com' into text field '//*[@id='login']'.</msg>
<status status="PASS" starttime="20230219 19:55:13.739" endtime="20230219 19:55:13.857"/>
</kw>
<status status="PASS" starttime="20230219 19:55:13.739" endtime="20230219 19:55:13.857"/>
</kw>
<kw name="Type in password">
<kw name="Input Text" library="SeleniumLibrary">
<arg>${PASSWORD FIELD}</arg>
<arg>Test-1234</arg>
<doc>Types the given ``text`` into the text field identified by ``locator``.</doc>
<msg timestamp="20230219 19:55:13.858" level="INFO">Typing text 'Test-1234' into text field '//input[@type='password']'.</msg>
<status status="PASS" starttime="20230219 19:55:13.857" endtime="20230219 19:55:13.926"/>
</kw>
<status status="PASS" starttime="20230219 19:55:13.857" endtime="20230219 19:55:13.926"/>
</kw>
<kw name="Click on the Submit button">
<kw name="Click Element" library="SeleniumLibrary">
<arg>${SIGNINBUTTON}</arg>
<doc>Click the element identified by ``locator``.</doc>
<msg timestamp="20230219 19:55:13.927" level="INFO">Clicking element '//*[@type='submit']'.</msg>
<status status="PASS" starttime="20230219 19:55:13.926" endtime="20230219 19:55:13.957"/>
</kw>
<status status="PASS" starttime="20230219 19:55:13.926" endtime="20230219 19:55:13.957"/>
</kw>
<kw name="Click on the Add Player button">
<kw name="Wait Until Element Is Visible" library="SeleniumLibrary">
<arg>${ADD PLAYER BUTTON}</arg>
<doc>Waits until the element ``locator`` is visible.</doc>
<status status="PASS" starttime="20230219 19:55:13.958" endtime="20230219 19:55:14.833"/>
</kw>
<kw name="Click Element" library="SeleniumLibrary">
<arg>${ADD PLAYER BUTTON}</arg>
<doc>Click the element identified by ``locator``.</doc>
<msg timestamp="20230219 19:55:14.834" level="INFO">Clicking element '//div[3]/div[2]/div/div/a/button/span[1]'.</msg>
<status status="PASS" starttime="20230219 19:55:14.833" endtime="20230219 19:55:14.862"/>
</kw>
<status status="PASS" starttime="20230219 19:55:13.957" endtime="20230219 19:55:14.862"/>
</kw>
<kw name="Type in name">
<kw name="Wait Until Element Is Visible" library="SeleniumLibrary">
<arg>${NAME FIELD}</arg>
<doc>Waits until the element ``locator`` is visible.</doc>
<status status="PASS" starttime="20230219 19:55:14.862" endtime="20230219 19:55:17.861"/>
</kw>
<kw name="Input Text" library="SeleniumLibrary">
<arg>${NAME FIELD}</arg>
<arg>John</arg>
<doc>Types the given ``text`` into the text field identified by ``locator``.</doc>
<msg timestamp="20230219 19:55:17.862" level="INFO">Typing text 'John' into text field '//input[@name='name']'.</msg>
<status status="PASS" starttime="20230219 19:55:17.861" endtime="20230219 19:55:17.922"/>
</kw>
<status status="PASS" starttime="20230219 19:55:14.862" endtime="20230219 19:55:17.922"/>
</kw>
<kw name="Type in surname">
<kw name="Input Text" library="SeleniumLibrary">
<arg>${SURNAME FIELD}</arg>
<arg>Doe</arg>
<doc>Types the given ``text`` into the text field identified by ``locator``.</doc>
<msg timestamp="20230219 19:55:17.923" level="INFO">Typing text 'Doe' into text field '//input[@name='surname']'.</msg>
<status status="PASS" starttime="20230219 19:55:17.922" endtime="20230219 19:55:17.986"/>
</kw>
<status status="PASS" starttime="20230219 19:55:17.922" endtime="20230219 19:55:17.986"/>
</kw>
<kw name="Type in age">
<kw name="Input Text" library="SeleniumLibrary">
<arg>${AGE FIELD}</arg>
<arg>01-02-2012</arg>
<doc>Types the given ``text`` into the text field identified by ``locator``.</doc>
<msg timestamp="20230219 19:55:17.987" level="INFO">Typing text '01-02-2012' into text field '//input[@name='age']'.</msg>
<status status="PASS" starttime="20230219 19:55:17.986" endtime="20230219 19:55:18.056"/>
</kw>
<status status="PASS" starttime="20230219 19:55:17.986" endtime="20230219 19:55:18.056"/>
</kw>
<kw name="Type in main position">
<kw name="Input Text" library="SeleniumLibrary">
<arg>${MAINPOSITION FIELD}</arg>
<arg>Goalkeeper</arg>
<doc>Types the given ``text`` into the text field identified by ``locator``.</doc>
<msg timestamp="20230219 19:55:18.057" level="INFO">Typing text 'Goalkeeper' into text field '//input[@name='mainPosition']'.</msg>
<status status="PASS" starttime="20230219 19:55:18.056" endtime="20230219 19:55:18.139"/>
</kw>
<status status="PASS" starttime="20230219 19:55:18.056" endtime="20230219 19:55:18.139"/>
</kw>
<kw name="Click on the Submit Player button">
<kw name="Click Element" library="SeleniumLibrary">
<arg>${SUBMIT PLAYER BUTTON}</arg>
<doc>Click the element identified by ``locator``.</doc>
<msg timestamp="20230219 19:55:18.140" level="INFO">Clicking element '//*[@id="__next"]/div[1]/main/div[2]/form/div[3]/button[1]/span[1]'.</msg>
<status status="PASS" starttime="20230219 19:55:18.139" endtime="20230219 19:55:18.192"/>
</kw>
<status status="PASS" starttime="20230219 19:55:18.139" endtime="20230219 19:55:18.192"/>
</kw>
<kw name="Assert player added">
<kw name="Wait Until Element Is Visible" library="SeleniumLibrary">
<arg>${PLAYER ADDED}</arg>
<doc>Waits until the element ``locator`` is visible.</doc>
<msg timestamp="20230219 19:55:23.408" level="INFO" html="true">&lt;/td&gt;&lt;/tr&gt;&lt;tr&gt;&lt;td colspan="3"&gt;&lt;a href="selenium-screenshot-2.png"&gt;&lt;img src="selenium-screenshot-2.png" width="800px"&gt;&lt;/a&gt;</msg>
<msg timestamp="20230219 19:55:23.409" level="FAIL">Element '//*[text()="John Doe"]' not visible after 5 seconds.</msg>
<status status="FAIL" starttime="20230219 19:55:18.192" endtime="20230219 19:55:23.415"/>
</kw>
<kw name="Element Text Should Be" library="SeleniumLibrary">
<arg>${PLAYER ADDED}</arg>
<arg>John Doe</arg>
<doc>Verifies that element ``locator`` contains exact the text ``expected``.</doc>
<status status="NOT RUN" starttime="20230219 19:55:23.415" endtime="20230219 19:55:23.415"/>
</kw>
<kw name="Capture Page Screenshot" library="SeleniumLibrary">
<arg>addplayer.png</arg>
<doc>Takes a screenshot of the current page and embeds it into a log file.</doc>
<status status="NOT RUN" starttime="20230219 19:55:23.415" endtime="20230219 19:55:23.415"/>
</kw>
<status status="FAIL" starttime="20230219 19:55:18.192" endtime="20230219 19:55:23.415"/>
</kw>
<kw name="Close Browser" library="SeleniumLibrary" type="TEARDOWN">
<doc>Closes the current browser.</doc>
<status status="PASS" starttime="20230219 19:55:23.416" endtime="20230219 19:55:23.474"/>
</kw>
<status status="FAIL" starttime="20230219 19:55:12.082" endtime="20230219 19:55:23.474">Element '//*[text()="John Doe"]' not visible after 5 seconds.</status>
</test>
<test id="s1-t4" name="Sign out of the system" line="58">
<kw name="Open login page">
<kw name="Open Browser" library="SeleniumLibrary">
<arg>${LOGIN URL}</arg>
<arg>${BROWSER}</arg>
<doc>Opens a new browser instance to the optional ``url``.</doc>
<msg timestamp="20230219 19:55:23.475" level="INFO">Opening browser 'Chrome' to base url 'https://scouts.futbolkolektyw.pl/en'.</msg>
<status status="PASS" starttime="20230219 19:55:23.475" endtime="20230219 19:55:24.919"/>
</kw>
<kw name="Title Should Be" library="SeleniumLibrary">
<arg>Scouts panel - sign in</arg>
<doc>Verifies that the current page title equals ``title``.</doc>
<msg timestamp="20230219 19:55:24.932" level="INFO">Page title is 'Scouts panel - sign in'.</msg>
<status status="PASS" starttime="20230219 19:55:24.919" endtime="20230219 19:55:24.932"/>
</kw>
<status status="PASS" starttime="20230219 19:55:23.475" endtime="20230219 19:55:24.932"/>
</kw>
<kw name="Type in email">
<kw name="Input Text" library="SeleniumLibrary">
<arg>${LOGIN FIELD}</arg>
<arg>user02@getnada.com</arg>
<doc>Types the given ``text`` into the text field identified by ``locator``.</doc>
<msg timestamp="20230219 19:55:24.933" level="INFO">Typing text 'user02@getnada.com' into text field '//*[@id='login']'.</msg>
<status status="PASS" starttime="20230219 19:55:24.933" endtime="20230219 19:55:25.134"/>
</kw>
<status status="PASS" starttime="20230219 19:55:24.932" endtime="20230219 19:55:25.134"/>
</kw>
<kw name="Type in password">
<kw name="Input Text" library="SeleniumLibrary">
<arg>${PASSWORD FIELD}</arg>
<arg>Test-1234</arg>
<doc>Types the given ``text`` into the text field identified by ``locator``.</doc>
<msg timestamp="20230219 19:55:25.135" level="INFO">Typing text 'Test-1234' into text field '//input[@type='password']'.</msg>
<status status="PASS" starttime="20230219 19:55:25.135" endtime="20230219 19:55:25.235"/>
</kw>
<status status="PASS" starttime="20230219 19:55:25.135" endtime="20230219 19:55:25.235"/>
</kw>
<kw name="Click on the Submit button">
<kw name="Click Element" library="SeleniumLibrary">
<arg>${SIGNINBUTTON}</arg>
<doc>Click the element identified by ``locator``.</doc>
<msg timestamp="20230219 19:55:25.236" level="INFO">Clicking element '//*[@type='submit']'.</msg>
<status status="PASS" starttime="20230219 19:55:25.236" endtime="20230219 19:55:25.273"/>
</kw>
<status status="PASS" starttime="20230219 19:55:25.235" endtime="20230219 19:55:25.273"/>
</kw>
<kw name="Click on the Sign out button">
<kw name="Wait Until Element Is Visible" library="SeleniumLibrary">
<arg>${SIGN OUT BUTTON}</arg>
<doc>Waits until the element ``locator`` is visible.</doc>
<msg timestamp="20230219 19:55:30.432" level="INFO" html="true">&lt;/td&gt;&lt;/tr&gt;&lt;tr&gt;&lt;td colspan="3"&gt;&lt;a href="selenium-screenshot-3.png"&gt;&lt;img src="selenium-screenshot-3.png" width="800px"&gt;&lt;/a&gt;</msg>
<msg timestamp="20230219 19:55:30.432" level="FAIL">Element '//*[text()='Sign out']' not visible after 5 seconds.</msg>
<status status="FAIL" starttime="20230219 19:55:25.274" endtime="20230219 19:55:30.432"/>
</kw>
<kw name="Click Element" library="SeleniumLibrary">
<arg>${SIGN OUT BUTTON}</arg>
<doc>Click the element identified by ``locator``.</doc>
<status status="NOT RUN" starttime="20230219 19:55:30.432" endtime="20230219 19:55:30.432"/>
</kw>
<status status="FAIL" starttime="20230219 19:55:25.274" endtime="20230219 19:55:30.432"/>
</kw>
<kw name="Close Browser" library="SeleniumLibrary" type="TEARDOWN">
<doc>Closes the current browser.</doc>
<status status="PASS" starttime="20230219 19:55:30.432" endtime="20230219 19:55:30.489"/>
</kw>
<status status="FAIL" starttime="20230219 19:55:23.474" endtime="20230219 19:55:30.489">Element '//*[text()='Sign out']' not visible after 5 seconds.</status>
</test>
<test id="s1-t5" name="Change language" line="65">
<kw name="Open login page">
<kw name="Open Browser" library="SeleniumLibrary">
<arg>${LOGIN URL}</arg>
<arg>${BROWSER}</arg>
<doc>Opens a new browser instance to the optional ``url``.</doc>
<msg timestamp="20230219 19:55:30.490" level="INFO">Opening browser 'Chrome' to base url 'https://scouts.futbolkolektyw.pl/en'.</msg>
<status status="PASS" starttime="20230219 19:55:30.490" endtime="20230219 19:55:33.842"/>
</kw>
<kw name="Title Should Be" library="SeleniumLibrary">
<arg>Scouts panel - sign in</arg>
<doc>Verifies that the current page title equals ``title``.</doc>
<msg timestamp="20230219 19:55:33.846" level="INFO">Page title is 'Scouts panel - sign in'.</msg>
<status status="PASS" starttime="20230219 19:55:33.842" endtime="20230219 19:55:33.846"/>
</kw>
<status status="PASS" starttime="20230219 19:55:30.490" endtime="20230219 19:55:33.846"/>
</kw>
<kw name="Type in email">
<kw name="Input Text" library="SeleniumLibrary">
<arg>${LOGIN FIELD}</arg>
<arg>user02@getnada.com</arg>
<doc>Types the given ``text`` into the text field identified by ``locator``.</doc>
<msg timestamp="20230219 19:55:33.846" level="INFO">Typing text 'user02@getnada.com' into text field '//*[@id='login']'.</msg>
<status status="PASS" starttime="20230219 19:55:33.846" endtime="20230219 19:55:33.956"/>
</kw>
<status status="PASS" starttime="20230219 19:55:33.846" endtime="20230219 19:55:33.956"/>
</kw>
<kw name="Type in password">
<kw name="Input Text" library="SeleniumLibrary">
<arg>${PASSWORD FIELD}</arg>
<arg>Test-1234</arg>
<doc>Types the given ``text`` into the text field identified by ``locator``.</doc>
<msg timestamp="20230219 19:55:33.957" level="INFO">Typing text 'Test-1234' into text field '//input[@type='password']'.</msg>
<status status="PASS" starttime="20230219 19:55:33.956" endtime="20230219 19:55:34.027"/>
</kw>
<status status="PASS" starttime="20230219 19:55:33.956" endtime="20230219 19:55:34.027"/>
</kw>
<kw name="Click on the Submit button">
<kw name="Click Element" library="SeleniumLibrary">
<arg>${SIGNINBUTTON}</arg>
<doc>Click the element identified by ``locator``.</doc>
<msg timestamp="20230219 19:55:34.028" level="INFO">Clicking element '//*[@type='submit']'.</msg>
<status status="PASS" starttime="20230219 19:55:34.027" endtime="20230219 19:55:34.060"/>
</kw>
<status status="PASS" starttime="20230219 19:55:34.027" endtime="20230219 19:55:34.060"/>
</kw>
<kw name="Click on Change language button">
<kw name="Wait Until Element Is Visible" library="SeleniumLibrary">
<arg>${LANGUAGE CHANGE}</arg>
<doc>Waits until the element ``locator`` is visible.</doc>
<status status="PASS" starttime="20230219 19:55:34.060" endtime="20230219 19:55:35.170"/>
</kw>
<kw name="Click Element" library="SeleniumLibrary">
<arg>${LANGUAGE CHANGE}</arg>
<doc>Click the element identified by ``locator``.</doc>
<msg timestamp="20230219 19:55:35.171" level="INFO">Clicking element '//*/ul[2]/div[1]/div[2]/span'.</msg>
<status status="PASS" starttime="20230219 19:55:35.170" endtime="20230219 19:55:35.221"/>
</kw>
<status status="PASS" starttime="20230219 19:55:34.060" endtime="20230219 19:55:35.221"/>
</kw>
<kw name="Assert language change">
<kw name="Wait Until Element Is Visible" library="SeleniumLibrary">
<arg>${LANGUAGE CHANGE}</arg>
<doc>Waits until the element ``locator`` is visible.</doc>
<status status="PASS" starttime="20230219 19:55:35.221" endtime="20230219 19:55:35.246"/>
</kw>
<kw name="Element Text Should Be" library="SeleniumLibrary">
<arg>${LANGUAGE CHANGE}</arg>
<arg>English</arg>
<doc>Verifies that element ``locator`` contains exact the text ``expected``.</doc>
<msg timestamp="20230219 19:55:35.247" level="INFO">Verifying element '//*/ul[2]/div[1]/div[2]/span' contains exact text 'English'.</msg>
<status status="PASS" starttime="20230219 19:55:35.247" endtime="20230219 19:55:35.261"/>
</kw>
<kw name="Capture Page Screenshot" library="SeleniumLibrary">
<arg>languagechange.png</arg>
<doc>Takes a screenshot of the current page and embeds it into a log file.</doc>
<msg timestamp="20230219 19:55:35.399" level="INFO" html="true">&lt;/td&gt;&lt;/tr&gt;&lt;tr&gt;&lt;td colspan="3"&gt;&lt;a href="languagechange.png"&gt;&lt;img src="languagechange.png" width="800px"&gt;&lt;/a&gt;</msg>
<status status="PASS" starttime="20230219 19:55:35.261" endtime="20230219 19:55:35.399"/>
</kw>
<status status="PASS" starttime="20230219 19:55:35.221" endtime="20230219 19:55:35.399"/>
</kw>
<kw name="Close Browser" library="SeleniumLibrary" type="TEARDOWN">
<doc>Closes the current browser.</doc>
<status status="PASS" starttime="20230219 19:55:35.399" endtime="20230219 19:55:35.456"/>
</kw>
<status status="PASS" starttime="20230219 19:55:30.489" endtime="20230219 19:55:35.456"/>
</test>
<test id="s1-t6" name="Add a match" line="73">
<kw name="Open login page">
<kw name="Open Browser" library="SeleniumLibrary">
<arg>${LOGIN URL}</arg>
<arg>${BROWSER}</arg>
<doc>Opens a new browser instance to the optional ``url``.</doc>
<msg timestamp="20230219 19:55:35.457" level="INFO">Opening browser 'Chrome' to base url 'https://scouts.futbolkolektyw.pl/en'.</msg>
<status status="PASS" starttime="20230219 19:55:35.457" endtime="20230219 19:55:37.799"/>
</kw>
<kw name="Title Should Be" library="SeleniumLibrary">
<arg>Scouts panel - sign in</arg>
<doc>Verifies that the current page title equals ``title``.</doc>
<msg timestamp="20230219 19:55:37.803" level="INFO">Page title is 'Scouts panel - sign in'.</msg>
<status status="PASS" starttime="20230219 19:55:37.800" endtime="20230219 19:55:37.803"/>
</kw>
<status status="PASS" starttime="20230219 19:55:35.457" endtime="20230219 19:55:37.803"/>
</kw>
<kw name="Type in email">
<kw name="Input Text" library="SeleniumLibrary">
<arg>${LOGIN FIELD}</arg>
<arg>user02@getnada.com</arg>
<doc>Types the given ``text`` into the text field identified by ``locator``.</doc>
<msg timestamp="20230219 19:55:37.804" level="INFO">Typing text 'user02@getnada.com' into text field '//*[@id='login']'.</msg>
<status status="PASS" starttime="20230219 19:55:37.804" endtime="20230219 19:55:37.908"/>
</kw>
<status status="PASS" starttime="20230219 19:55:37.803" endtime="20230219 19:55:37.908"/>
</kw>
<kw name="Type in password">
<kw name="Input Text" library="SeleniumLibrary">
<arg>${PASSWORD FIELD}</arg>
<arg>Test-1234</arg>
<doc>Types the given ``text`` into the text field identified by ``locator``.</doc>
<msg timestamp="20230219 19:55:37.909" level="INFO">Typing text 'Test-1234' into text field '//input[@type='password']'.</msg>
<status status="PASS" starttime="20230219 19:55:37.909" endtime="20230219 19:55:37.979"/>
</kw>
<status status="PASS" starttime="20230219 19:55:37.908" endtime="20230219 19:55:37.979"/>
</kw>
<kw name="Click on the Submit button">
<kw name="Click Element" library="SeleniumLibrary">
<arg>${SIGNINBUTTON}</arg>
<doc>Click the element identified by ``locator``.</doc>
<msg timestamp="20230219 19:55:37.980" level="INFO">Clicking element '//*[@type='submit']'.</msg>
<status status="PASS" starttime="20230219 19:55:37.979" endtime="20230219 19:55:38.011"/>
</kw>
<status status="PASS" starttime="20230219 19:55:37.979" endtime="20230219 19:55:38.011"/>
</kw>
<kw name="Open add match page">
<kw name="Wait Until Element Is Visible" library="SeleniumLibrary">
<arg>${PLAYERS BUTTON}</arg>
<doc>Waits until the element ``locator`` is visible.</doc>
<status status="PASS" starttime="20230219 19:55:38.011" endtime="20230219 19:55:38.885"/>
</kw>
<kw name="Go To" library="SeleniumLibrary">
<arg>${ADD MATCH URL}</arg>
<doc>Navigates the current browser window to the provided ``url``.</doc>
<msg timestamp="20230219 19:55:38.886" level="INFO">Opening url 'https://scouts.futbolkolektyw.pl/en/players/62f2bce6159aa3d4fa18f4b2/matches/add'</msg>
<status status="PASS" starttime="20230219 19:55:38.885" endtime="20230219 19:55:39.142"/>
</kw>
<status status="PASS" starttime="20230219 19:55:38.011" endtime="20230219 19:55:39.142"/>
</kw>
<kw name="Type in my team name">
<kw name="Wait Until Element Is Visible" library="SeleniumLibrary">
<arg>${TEAM NAME}</arg>
<doc>Waits until the element ``locator`` is visible.</doc>
<msg timestamp="20230219 19:55:44.298" level="INFO" html="true">&lt;/td&gt;&lt;/tr&gt;&lt;tr&gt;&lt;td colspan="3"&gt;&lt;a href="selenium-screenshot-4.png"&gt;&lt;img src="selenium-screenshot-4.png" width="800px"&gt;&lt;/a&gt;</msg>
<msg timestamp="20230219 19:55:44.298" level="FAIL">Element '//*[@name='myTeam']' not visible after 5 seconds.</msg>
<status status="FAIL" starttime="20230219 19:55:39.143" endtime="20230219 19:55:44.298"/>
</kw>
<kw name="Input Text" library="SeleniumLibrary">
<arg>${TEAM NAME}</arg>
<arg>First</arg>
<doc>Types the given ``text`` into the text field identified by ``locator``.</doc>
<status status="NOT RUN" starttime="20230219 19:55:44.298" endtime="20230219 19:55:44.298"/>
</kw>
<status status="FAIL" starttime="20230219 19:55:39.143" endtime="20230219 19:55:44.298"/>
</kw>
<kw name="Type in my team score">
<status status="NOT RUN" starttime="20230219 19:55:44.298" endtime="20230219 19:55:44.298"/>
</kw>
<kw name="Type in enemy team name">
<status status="NOT RUN" starttime="20230219 19:55:44.298" endtime="20230219 19:55:44.299"/>
</kw>
<kw name="Type in enemy team score">
<status status="NOT RUN" starttime="20230219 19:55:44.299" endtime="20230219 19:55:44.299"/>
</kw>
<kw name="Type in match date">
<status status="NOT RUN" starttime="20230219 19:55:44.299" endtime="20230219 19:55:44.299"/>
</kw>
<kw name="Click submit match">
<status status="NOT RUN" starttime="20230219 19:55:44.299" endtime="20230219 19:55:44.299"/>
</kw>
<kw name="Close Browser" library="SeleniumLibrary" type="TEARDOWN">
<doc>Closes the current browser.</doc>
<status status="PASS" starttime="20230219 19:55:44.299" endtime="20230219 19:55:44.359"/>
</kw>
<status status="FAIL" starttime="20230219 19:55:35.456" endtime="20230219 19:55:44.359">Element '//*[@name='myTeam']' not visible after 5 seconds.</status>
</test>
<doc>Suite description #automated tests for scout website</doc>
<status status="FAIL" starttime="20230219 19:55:05.555" endtime="20230219 19:55:44.360"/>
</suite>
<statistics>
<total>
<stat pass="2" fail="4" skip="0">All Tests</stat>
</total>
<tag>
</tag>
<suite>
<stat pass="2" fail="4" skip="0" id="s1" name="Test Scouts Football Rf">Test Scouts Football Rf</stat>
</suite>
</statistics>
<errors>
</errors>
</robot>
