<?xml version="1.0" encoding="UTF-8"?>
<robot generator="Robot 6.0.2 (Python 3.10.6 on linux)" generated="20230213 23:52:11.797" rpa="false" schemaversion="3">
<suite id="s1" name="Test Scouts Football Rf" source="/home/yevgrafova/Documents/GitHub/test_robotframework/test_scouts_football_rf.robot">
<test id="s1-t1" name="Login to the system with correct credentials" line="31">
<kw name="Open login page">
<kw name="Open Browser" library="SeleniumLibrary">
<arg>${LOGIN URL}</arg>
<arg>${BROWSER}</arg>
<doc>Opens a new browser instance to the optional ``url``.</doc>
<msg timestamp="20230213 23:52:11.908" level="INFO">Opening browser 'Chrome' to base url 'https://scouts-test.futbolkolektyw.pl/en'.</msg>
<status status="PASS" starttime="20230213 23:52:11.908" endtime="20230213 23:52:13.702"/>
</kw>
<kw name="Title Should Be" library="SeleniumLibrary">
<arg>Scouts panel - sign in</arg>
<doc>Verifies that the current page title equals ``title``.</doc>
<msg timestamp="20230213 23:52:13.708" level="INFO">Page title is 'Scouts panel - sign in'.</msg>
<status status="PASS" starttime="20230213 23:52:13.702" endtime="20230213 23:52:13.709"/>
</kw>
<status status="PASS" starttime="20230213 23:52:11.907" endtime="20230213 23:52:13.709"/>
</kw>
<kw name="Type in email">
<kw name="Input Text" library="SeleniumLibrary">
<arg>${LOGIN FIELD}</arg>
<arg>user02@getnada.com</arg>
<doc>Types the given ``text`` into the text field identified by ``locator``.</doc>
<msg timestamp="20230213 23:52:13.710" level="INFO">Typing text 'user02@getnada.com' into text field '//*[@id='login']'.</msg>
<status status="PASS" starttime="20230213 23:52:13.709" endtime="20230213 23:52:13.881"/>
</kw>
<status status="PASS" starttime="20230213 23:52:13.709" endtime="20230213 23:52:13.881"/>
</kw>
<kw name="Type in password">
<kw name="Input Text" library="SeleniumLibrary">
<arg>${PASSWORD FIELD}</arg>
<arg>Test-1234</arg>
<doc>Types the given ``text`` into the text field identified by ``locator``.</doc>
<msg timestamp="20230213 23:52:13.882" level="INFO">Typing text 'Test-1234' into text field '//input[@type='password']'.</msg>
<status status="PASS" starttime="20230213 23:52:13.882" endtime="20230213 23:52:13.999"/>
</kw>
<status status="PASS" starttime="20230213 23:52:13.882" endtime="20230213 23:52:13.999"/>
</kw>
<kw name="Click on the Submit button">
<kw name="Click Element" library="SeleniumLibrary">
<arg>${SIGNINBUTTON}</arg>
<doc>Click the element identified by ``locator``.</doc>
<msg timestamp="20230213 23:52:14.000" level="INFO">Clicking element '//*[@type='submit']'.</msg>
<status status="PASS" starttime="20230213 23:52:14.000" endtime="20230213 23:52:14.035"/>
</kw>
<status status="PASS" starttime="20230213 23:52:14.000" endtime="20230213 23:52:14.036"/>
</kw>
<kw name="Assert dashboard">
<kw name="Wait Until Element Is Visible" library="SeleniumLibrary">
<arg>${PLAYERS BUTTON}</arg>
<doc>Waits until the element ``locator`` is visible.</doc>
<status status="PASS" starttime="20230213 23:52:14.036" endtime="20230213 23:52:15.501"/>
</kw>
<kw name="Title Should Be" library="SeleniumLibrary">
<arg>Scouts panel</arg>
<doc>Verifies that the current page title equals ``title``.</doc>
<msg timestamp="20230213 23:52:15.503" level="INFO">Page title is 'Scouts panel'.</msg>
<status status="PASS" starttime="20230213 23:52:15.501" endtime="20230213 23:52:15.503"/>
</kw>
<kw name="Capture Page Screenshot" library="SeleniumLibrary">
<arg>dashboard.png</arg>
<doc>Takes a screenshot of the current page and embeds it into a log file.</doc>
<msg timestamp="20230213 23:52:15.585" level="INFO" html="true">&lt;/td&gt;&lt;/tr&gt;&lt;tr&gt;&lt;td colspan="3"&gt;&lt;a href="dashboard.png"&gt;&lt;img src="dashboard.png" width="800px"&gt;&lt;/a&gt;</msg>
<status status="PASS" starttime="20230213 23:52:15.503" endtime="20230213 23:52:15.585"/>
</kw>
<status status="PASS" starttime="20230213 23:52:14.036" endtime="20230213 23:52:15.585"/>
</kw>
<kw name="Close Browser" library="SeleniumLibrary" type="TEARDOWN">
<doc>Closes the current browser.</doc>
<status status="PASS" starttime="20230213 23:52:15.585" endtime="20230213 23:52:15.643"/>
</kw>
<status status="PASS" starttime="20230213 23:52:11.907" endtime="20230213 23:52:15.643"/>
</test>
<test id="s1-t2" name="Login to the system with incorrect credentials" line="38">
<kw name="Open login page">
<kw name="Open Browser" library="SeleniumLibrary">
<arg>${LOGIN URL}</arg>
<arg>${BROWSER}</arg>
<doc>Opens a new browser instance to the optional ``url``.</doc>
<msg timestamp="20230213 23:52:15.645" level="INFO">Opening browser 'Chrome' to base url 'https://scouts-test.futbolkolektyw.pl/en'.</msg>
<status status="PASS" starttime="20230213 23:52:15.644" endtime="20230213 23:52:18.074"/>
</kw>
<kw name="Title Should Be" library="SeleniumLibrary">
<arg>Scouts panel - sign in</arg>
<doc>Verifies that the current page title equals ``title``.</doc>
<msg timestamp="20230213 23:52:18.078" level="INFO">Page title is 'Scouts panel - sign in'.</msg>
<status status="PASS" starttime="20230213 23:52:18.074" endtime="20230213 23:52:18.078"/>
</kw>
<status status="PASS" starttime="20230213 23:52:15.644" endtime="20230213 23:52:18.078"/>
</kw>
<kw name="Type in email">
<kw name="Input Text" library="SeleniumLibrary">
<arg>${LOGIN FIELD}</arg>
<arg>user02@getnada.com</arg>
<doc>Types the given ``text`` into the text field identified by ``locator``.</doc>
<msg timestamp="20230213 23:52:18.079" level="INFO">Typing text 'user02@getnada.com' into text field '//*[@id='login']'.</msg>
<status status="PASS" starttime="20230213 23:52:18.078" endtime="20230213 23:52:18.180"/>
</kw>
<status status="PASS" starttime="20230213 23:52:18.078" endtime="20230213 23:52:18.180"/>
</kw>
<kw name="Type in incorrect password">
<kw name="Input Text" library="SeleniumLibrary">
<arg>${PASSWORD FIELD}</arg>
<arg>Test</arg>
<doc>Types the given ``text`` into the text field identified by ``locator``.</doc>
<msg timestamp="20230213 23:52:18.182" level="INFO">Typing text 'Test' into text field '//input[@type='password']'.</msg>
<status status="PASS" starttime="20230213 23:52:18.181" endtime="20230213 23:52:18.238"/>
</kw>
<status status="PASS" starttime="20230213 23:52:18.181" endtime="20230213 23:52:18.238"/>
</kw>
<kw name="Click on the Submit button">
<kw name="Click Element" library="SeleniumLibrary">
<arg>${SIGNINBUTTON}</arg>
<doc>Click the element identified by ``locator``.</doc>
<msg timestamp="20230213 23:52:18.239" level="INFO">Clicking element '//*[@type='submit']'.</msg>
<status status="PASS" starttime="20230213 23:52:18.239" endtime="20230213 23:52:18.280"/>
</kw>
<status status="PASS" starttime="20230213 23:52:18.238" endtime="20230213 23:52:18.280"/>
</kw>
<kw name="Assert login error">
<kw name="Wait Until Element Is Visible" library="SeleniumLibrary">
<arg>${LOGIN ERROR}</arg>
<doc>Waits until the element ``locator`` is visible.</doc>
<status status="PASS" starttime="20230213 23:52:18.281" endtime="20230213 23:52:18.725"/>
</kw>
<kw name="Element Text Should Be" library="SeleniumLibrary">
<arg>${LOGIN ERROR}</arg>
<arg>Identifier or password invalid.</arg>
<doc>Verifies that element ``locator`` contains exact the text ``expected``.</doc>
<msg timestamp="20230213 23:52:18.726" level="INFO">Verifying element '//*/form/div/div[1]/div[3]/span' contains exact text 'Identifier or password invalid.'.</msg>
<status status="PASS" starttime="20230213 23:52:18.725" endtime="20230213 23:52:18.736"/>
</kw>
<kw name="Capture Page Screenshot" library="SeleniumLibrary">
<arg>loginerror.png</arg>
<doc>Takes a screenshot of the current page and embeds it into a log file.</doc>
<msg timestamp="20230213 23:52:18.856" level="INFO" html="true">&lt;/td&gt;&lt;/tr&gt;&lt;tr&gt;&lt;td colspan="3"&gt;&lt;a href="loginerror.png"&gt;&lt;img src="loginerror.png" width="800px"&gt;&lt;/a&gt;</msg>
<status status="PASS" starttime="20230213 23:52:18.737" endtime="20230213 23:52:18.856"/>
</kw>
<status status="PASS" starttime="20230213 23:52:18.280" endtime="20230213 23:52:18.856"/>
</kw>
<kw name="Close Browser" library="SeleniumLibrary" type="TEARDOWN">
<doc>Closes the current browser.</doc>
<status status="PASS" starttime="20230213 23:52:18.856" endtime="20230213 23:52:18.912"/>
</kw>
<status status="PASS" starttime="20230213 23:52:15.643" endtime="20230213 23:52:18.912"/>
</test>
<test id="s1-t3" name="Add a player" line="45">
<kw name="Open login page">
<kw name="Open Browser" library="SeleniumLibrary">
<arg>${LOGIN URL}</arg>
<arg>${BROWSER}</arg>
<doc>Opens a new browser instance to the optional ``url``.</doc>
<msg timestamp="20230213 23:52:18.913" level="INFO">Opening browser 'Chrome' to base url 'https://scouts-test.futbolkolektyw.pl/en'.</msg>
<status status="PASS" starttime="20230213 23:52:18.913" endtime="20230213 23:52:21.206"/>
</kw>
<kw name="Title Should Be" library="SeleniumLibrary">
<arg>Scouts panel - sign in</arg>
<doc>Verifies that the current page title equals ``title``.</doc>
<msg timestamp="20230213 23:52:21.209" level="INFO">Page title is 'Scouts panel - sign in'.</msg>
<status status="PASS" starttime="20230213 23:52:21.206" endtime="20230213 23:52:21.209"/>
</kw>
<status status="PASS" starttime="20230213 23:52:18.913" endtime="20230213 23:52:21.209"/>
</kw>
<kw name="Type in email">
<kw name="Input Text" library="SeleniumLibrary">
<arg>${LOGIN FIELD}</arg>
<arg>user02@getnada.com</arg>
<doc>Types the given ``text`` into the text field identified by ``locator``.</doc>
<msg timestamp="20230213 23:52:21.211" level="INFO">Typing text 'user02@getnada.com' into text field '//*[@id='login']'.</msg>
<status status="PASS" starttime="20230213 23:52:21.210" endtime="20230213 23:52:21.308"/>
</kw>
<status status="PASS" starttime="20230213 23:52:21.210" endtime="20230213 23:52:21.308"/>
</kw>
<kw name="Type in password">
<kw name="Input Text" library="SeleniumLibrary">
<arg>${PASSWORD FIELD}</arg>
<arg>Test-1234</arg>
<doc>Types the given ``text`` into the text field identified by ``locator``.</doc>
<msg timestamp="20230213 23:52:21.309" level="INFO">Typing text 'Test-1234' into text field '//input[@type='password']'.</msg>
<status status="PASS" starttime="20230213 23:52:21.309" endtime="20230213 23:52:21.386"/>
</kw>
<status status="PASS" starttime="20230213 23:52:21.308" endtime="20230213 23:52:21.386"/>
</kw>
<kw name="Click on the Submit button">
<kw name="Click Element" library="SeleniumLibrary">
<arg>${SIGNINBUTTON}</arg>
<doc>Click the element identified by ``locator``.</doc>
<msg timestamp="20230213 23:52:21.387" level="INFO">Clicking element '//*[@type='submit']'.</msg>
<status status="PASS" starttime="20230213 23:52:21.387" endtime="20230213 23:52:21.418"/>
</kw>
<status status="PASS" starttime="20230213 23:52:21.386" endtime="20230213 23:52:21.418"/>
</kw>
<kw name="Click on the Add Player button">
<kw name="Wait Until Element Is Visible" library="SeleniumLibrary">
<arg>${ADD PLAYER BUTTON}</arg>
<doc>Waits until the element ``locator`` is visible.</doc>
<status status="PASS" starttime="20230213 23:52:21.419" endtime="20230213 23:52:22.498"/>
</kw>
<kw name="Click Element" library="SeleniumLibrary">
<arg>${ADD PLAYER BUTTON}</arg>
<doc>Click the element identified by ``locator``.</doc>
<msg timestamp="20230213 23:52:22.499" level="INFO">Clicking element '//div[3]/div[2]/div/div/a/button/span[1]'.</msg>
<status status="PASS" starttime="20230213 23:52:22.498" endtime="20230213 23:52:22.545"/>
</kw>
<status status="PASS" starttime="20230213 23:52:21.418" endtime="20230213 23:52:22.545"/>
</kw>
<kw name="Type in name">
<kw name="Wait Until Element Is Visible" library="SeleniumLibrary">
<arg>${NAME FIELD}</arg>
<doc>Waits until the element ``locator`` is visible.</doc>
<status status="PASS" starttime="20230213 23:52:22.546" endtime="20230213 23:52:22.619"/>
</kw>
<kw name="Input Text" library="SeleniumLibrary">
<arg>${NAME FIELD}</arg>
<arg>John</arg>
<doc>Types the given ``text`` into the text field identified by ``locator``.</doc>
<msg timestamp="20230213 23:52:22.620" level="INFO">Typing text 'John' into text field '//input[@name='name']'.</msg>
<status status="PASS" starttime="20230213 23:52:22.619" endtime="20230213 23:52:22.682"/>
</kw>
<status status="PASS" starttime="20230213 23:52:22.546" endtime="20230213 23:52:22.682"/>
</kw>
<kw name="Type in surname">
<kw name="Input Text" library="SeleniumLibrary">
<arg>${SURNAME FIELD}</arg>
<arg>Doe</arg>
<doc>Types the given ``text`` into the text field identified by ``locator``.</doc>
<msg timestamp="20230213 23:52:22.683" level="INFO">Typing text 'Doe' into text field '//input[@name='surname']'.</msg>
<status status="PASS" starttime="20230213 23:52:22.683" endtime="20230213 23:52:22.749"/>
</kw>
<status status="PASS" starttime="20230213 23:52:22.682" endtime="20230213 23:52:22.749"/>
</kw>
<kw name="Type in age">
<kw name="Input Text" library="SeleniumLibrary">
<arg>${AGE FIELD}</arg>
<arg>01-02-2012</arg>
<doc>Types the given ``text`` into the text field identified by ``locator``.</doc>
<msg timestamp="20230213 23:52:22.750" level="INFO">Typing text '01-02-2012' into text field '//input[@name='age']'.</msg>
<status status="PASS" starttime="20230213 23:52:22.749" endtime="20230213 23:52:22.814"/>
</kw>
<status status="PASS" starttime="20230213 23:52:22.749" endtime="20230213 23:52:22.814"/>
</kw>
<kw name="Type in main position">
<kw name="Input Text" library="SeleniumLibrary">
<arg>${MAINPOSITION FIELD}</arg>
<arg>Goalkeeper</arg>
<doc>Types the given ``text`` into the text field identified by ``locator``.</doc>
<msg timestamp="20230213 23:52:22.815" level="INFO">Typing text 'Goalkeeper' into text field '//input[@name='mainPosition']'.</msg>
<status status="PASS" starttime="20230213 23:52:22.815" endtime="20230213 23:52:22.898"/>
</kw>
<status status="PASS" starttime="20230213 23:52:22.814" endtime="20230213 23:52:22.898"/>
</kw>
<kw name="Click on the Submit Player button">
<kw name="Click Element" library="SeleniumLibrary">
<arg>${SUBMIT PLAYER BUTTON}</arg>
<doc>Click the element identified by ``locator``.</doc>
<msg timestamp="20230213 23:52:22.899" level="INFO">Clicking element '//*[@id="__next"]/div[1]/main/div[2]/form/div[3]/button[1]/span[1]'.</msg>
<status status="PASS" starttime="20230213 23:52:22.898" endtime="20230213 23:52:22.940"/>
</kw>
<status status="PASS" starttime="20230213 23:52:22.898" endtime="20230213 23:52:22.941"/>
</kw>
<kw name="Assert player added">
<kw name="Wait Until Element Is Visible" library="SeleniumLibrary">
<arg>${PLAYER ADDED}</arg>
<doc>Waits until the element ``locator`` is visible.</doc>
<status status="PASS" starttime="20230213 23:52:22.941" endtime="20230213 23:52:23.412"/>
</kw>
<kw name="Element Text Should Be" library="SeleniumLibrary">
<arg>${PLAYER ADDED}</arg>
<arg>John Doe</arg>
<doc>Verifies that element ``locator`` contains exact the text ``expected``.</doc>
<msg timestamp="20230213 23:52:23.414" level="INFO">Verifying element '//*[text()="John Doe"]' contains exact text 'John Doe'.</msg>
<status status="PASS" starttime="20230213 23:52:23.412" endtime="20230213 23:52:23.433"/>
</kw>
<kw name="Capture Page Screenshot" library="SeleniumLibrary">
<arg>addplayer.png</arg>
<doc>Takes a screenshot of the current page and embeds it into a log file.</doc>
<msg timestamp="20230213 23:52:23.558" level="INFO" html="true">&lt;/td&gt;&lt;/tr&gt;&lt;tr&gt;&lt;td colspan="3"&gt;&lt;a href="addplayer.png"&gt;&lt;img src="addplayer.png" width="800px"&gt;&lt;/a&gt;</msg>
<status status="PASS" starttime="20230213 23:52:23.433" endtime="20230213 23:52:23.558"/>
</kw>
<status status="PASS" starttime="20230213 23:52:22.941" endtime="20230213 23:52:23.558"/>
</kw>
<kw name="Close Browser" library="SeleniumLibrary" type="TEARDOWN">
<doc>Closes the current browser.</doc>
<status status="PASS" starttime="20230213 23:52:23.559" endtime="20230213 23:52:24.614"/>
</kw>
<status status="PASS" starttime="20230213 23:52:18.912" endtime="20230213 23:52:24.614"/>
</test>
<test id="s1-t4" name="Sign out of the system" line="58">
<kw name="Open login page">
<kw name="Open Browser" library="SeleniumLibrary">
<arg>${LOGIN URL}</arg>
<arg>${BROWSER}</arg>
<doc>Opens a new browser instance to the optional ``url``.</doc>
<msg timestamp="20230213 23:52:24.615" level="INFO">Opening browser 'Chrome' to base url 'https://scouts-test.futbolkolektyw.pl/en'.</msg>
<status status="PASS" starttime="20230213 23:52:24.615" endtime="20230213 23:52:26.882"/>
</kw>
<kw name="Title Should Be" library="SeleniumLibrary">
<arg>Scouts panel - sign in</arg>
<doc>Verifies that the current page title equals ``title``.</doc>
<msg timestamp="20230213 23:52:26.885" level="INFO">Page title is 'Scouts panel - sign in'.</msg>
<status status="PASS" starttime="20230213 23:52:26.883" endtime="20230213 23:52:26.885"/>
</kw>
<status status="PASS" starttime="20230213 23:52:24.615" endtime="20230213 23:52:26.885"/>
</kw>
<kw name="Type in email">
<kw name="Input Text" library="SeleniumLibrary">
<arg>${LOGIN FIELD}</arg>
<arg>user02@getnada.com</arg>
<doc>Types the given ``text`` into the text field identified by ``locator``.</doc>
<msg timestamp="20230213 23:52:26.886" level="INFO">Typing text 'user02@getnada.com' into text field '//*[@id='login']'.</msg>
<status status="PASS" starttime="20230213 23:52:26.886" endtime="20230213 23:52:26.987"/>
</kw>
<status status="PASS" starttime="20230213 23:52:26.885" endtime="20230213 23:52:26.988"/>
</kw>
<kw name="Type in password">
<kw name="Input Text" library="SeleniumLibrary">
<arg>${PASSWORD FIELD}</arg>
<arg>Test-1234</arg>
<doc>Types the given ``text`` into the text field identified by ``locator``.</doc>
<msg timestamp="20230213 23:52:26.989" level="INFO">Typing text 'Test-1234' into text field '//input[@type='password']'.</msg>
<status status="PASS" starttime="20230213 23:52:26.988" endtime="20230213 23:52:27.061"/>
</kw>
<status status="PASS" starttime="20230213 23:52:26.988" endtime="20230213 23:52:27.061"/>
</kw>
<kw name="Click on the Submit button">
<kw name="Click Element" library="SeleniumLibrary">
<arg>${SIGNINBUTTON}</arg>
<doc>Click the element identified by ``locator``.</doc>
<msg timestamp="20230213 23:52:27.062" level="INFO">Clicking element '//*[@type='submit']'.</msg>
<status status="PASS" starttime="20230213 23:52:27.062" endtime="20230213 23:52:27.097"/>
</kw>
<status status="PASS" starttime="20230213 23:52:27.061" endtime="20230213 23:52:27.097"/>
</kw>
<kw name="Click on the Sign out button">
<kw name="Wait Until Element Is Visible" library="SeleniumLibrary">
<arg>${SIGN OUT BUTTON}</arg>
<doc>Waits until the element ``locator`` is visible.</doc>
<status status="PASS" starttime="20230213 23:52:27.097" endtime="20230213 23:52:28.165"/>
</kw>
<kw name="Click Element" library="SeleniumLibrary">
<arg>${SIGN OUT BUTTON}</arg>
<doc>Click the element identified by ``locator``.</doc>
<msg timestamp="20230213 23:52:28.166" level="INFO">Clicking element '//*[text()='Sign out']'.</msg>
<status status="PASS" starttime="20230213 23:52:28.166" endtime="20230213 23:52:28.206"/>
</kw>
<status status="PASS" starttime="20230213 23:52:27.097" endtime="20230213 23:52:28.206"/>
</kw>
<kw name="Close Browser" library="SeleniumLibrary" type="TEARDOWN">
<doc>Closes the current browser.</doc>
<status status="PASS" starttime="20230213 23:52:28.207" endtime="20230213 23:52:28.268"/>
</kw>
<status status="PASS" starttime="20230213 23:52:24.614" endtime="20230213 23:52:28.269"/>
</test>
<test id="s1-t5" name="Change language" line="65">
<kw name="Open login page">
<kw name="Open Browser" library="SeleniumLibrary">
<arg>${LOGIN URL}</arg>
<arg>${BROWSER}</arg>
<doc>Opens a new browser instance to the optional ``url``.</doc>
<msg timestamp="20230213 23:52:28.270" level="INFO">Opening browser 'Chrome' to base url 'https://scouts-test.futbolkolektyw.pl/en'.</msg>
<status status="PASS" starttime="20230213 23:52:28.270" endtime="20230213 23:52:30.245"/>
</kw>
<kw name="Title Should Be" library="SeleniumLibrary">
<arg>Scouts panel - sign in</arg>
<doc>Verifies that the current page title equals ``title``.</doc>
<msg timestamp="20230213 23:52:30.251" level="INFO">Page title is 'Scouts panel - sign in'.</msg>
<status status="PASS" starttime="20230213 23:52:30.245" endtime="20230213 23:52:30.251"/>
</kw>
<status status="PASS" starttime="20230213 23:52:28.269" endtime="20230213 23:52:30.251"/>
</kw>
<kw name="Type in email">
<kw name="Input Text" library="SeleniumLibrary">
<arg>${LOGIN FIELD}</arg>
<arg>user02@getnada.com</arg>
<doc>Types the given ``text`` into the text field identified by ``locator``.</doc>
<msg timestamp="20230213 23:52:30.252" level="INFO">Typing text 'user02@getnada.com' into text field '//*[@id='login']'.</msg>
<status status="PASS" starttime="20230213 23:52:30.251" endtime="20230213 23:52:30.352"/>
</kw>
<status status="PASS" starttime="20230213 23:52:30.251" endtime="20230213 23:52:30.353"/>
</kw>
<kw name="Type in password">
<kw name="Input Text" library="SeleniumLibrary">
<arg>${PASSWORD FIELD}</arg>
<arg>Test-1234</arg>
<doc>Types the given ``text`` into the text field identified by ``locator``.</doc>
<msg timestamp="20230213 23:52:30.354" level="INFO">Typing text 'Test-1234' into text field '//input[@type='password']'.</msg>
<status status="PASS" starttime="20230213 23:52:30.353" endtime="20230213 23:52:30.426"/>
</kw>
<status status="PASS" starttime="20230213 23:52:30.353" endtime="20230213 23:52:30.426"/>
</kw>
<kw name="Click on the Submit button">
<kw name="Click Element" library="SeleniumLibrary">
<arg>${SIGNINBUTTON}</arg>
<doc>Click the element identified by ``locator``.</doc>
<msg timestamp="20230213 23:52:30.427" level="INFO">Clicking element '//*[@type='submit']'.</msg>
<status status="PASS" starttime="20230213 23:52:30.427" endtime="20230213 23:52:30.460"/>
</kw>
<status status="PASS" starttime="20230213 23:52:30.426" endtime="20230213 23:52:30.460"/>
</kw>
<kw name="Click on Change language button">
<kw name="Wait Until Element Is Visible" library="SeleniumLibrary">
<arg>${LANGUAGE CHANGE}</arg>
<doc>Waits until the element ``locator`` is visible.</doc>
<status status="PASS" starttime="20230213 23:52:30.461" endtime="20230213 23:52:32.181"/>
</kw>
<kw name="Click Element" library="SeleniumLibrary">
<arg>${LANGUAGE CHANGE}</arg>
<doc>Click the element identified by ``locator``.</doc>
<msg timestamp="20230213 23:52:32.181" level="INFO">Clicking element '//*/ul[2]/div[1]/div[2]/span'.</msg>
<status status="PASS" starttime="20230213 23:52:32.181" endtime="20230213 23:52:32.228"/>
</kw>
<status status="PASS" starttime="20230213 23:52:30.460" endtime="20230213 23:52:32.228"/>
</kw>
<kw name="Assert language change">
<kw name="Wait Until Element Is Visible" library="SeleniumLibrary">
<arg>${LANGUAGE CHANGE}</arg>
<doc>Waits until the element ``locator`` is visible.</doc>
<status status="PASS" starttime="20230213 23:52:32.229" endtime="20230213 23:52:32.251"/>
</kw>
<kw name="Element Text Should Be" library="SeleniumLibrary">
<arg>${LANGUAGE CHANGE}</arg>
<arg>English</arg>
<doc>Verifies that element ``locator`` contains exact the text ``expected``.</doc>
<msg timestamp="20230213 23:52:32.251" level="INFO">Verifying element '//*/ul[2]/div[1]/div[2]/span' contains exact text 'English'.</msg>
<status status="PASS" starttime="20230213 23:52:32.251" endtime="20230213 23:52:32.262"/>
</kw>
<kw name="Capture Page Screenshot" library="SeleniumLibrary">
<arg>languagechange.png</arg>
<doc>Takes a screenshot of the current page and embeds it into a log file.</doc>
<msg timestamp="20230213 23:52:32.367" level="INFO" html="true">&lt;/td&gt;&lt;/tr&gt;&lt;tr&gt;&lt;td colspan="3"&gt;&lt;a href="languagechange.png"&gt;&lt;img src="languagechange.png" width="800px"&gt;&lt;/a&gt;</msg>
<status status="PASS" starttime="20230213 23:52:32.262" endtime="20230213 23:52:32.367"/>
</kw>
<status status="PASS" starttime="20230213 23:52:32.229" endtime="20230213 23:52:32.367"/>
</kw>
<kw name="Close Browser" library="SeleniumLibrary" type="TEARDOWN">
<doc>Closes the current browser.</doc>
<status status="PASS" starttime="20230213 23:52:32.367" endtime="20230213 23:52:32.422"/>
</kw>
<status status="PASS" starttime="20230213 23:52:28.269" endtime="20230213 23:52:32.423"/>
</test>
<test id="s1-t6" name="Add a match" line="73">
<kw name="Open login page">
<kw name="Open Browser" library="SeleniumLibrary">
<arg>${LOGIN URL}</arg>
<arg>${BROWSER}</arg>
<doc>Opens a new browser instance to the optional ``url``.</doc>
<msg timestamp="20230213 23:52:32.424" level="INFO">Opening browser 'Chrome' to base url 'https://scouts-test.futbolkolektyw.pl/en'.</msg>
<status status="PASS" starttime="20230213 23:52:32.423" endtime="20230213 23:52:34.085"/>
</kw>
<kw name="Title Should Be" library="SeleniumLibrary">
<arg>Scouts panel - sign in</arg>
<doc>Verifies that the current page title equals ``title``.</doc>
<msg timestamp="20230213 23:52:34.091" level="INFO">Page title is 'Scouts panel - sign in'.</msg>
<status status="PASS" starttime="20230213 23:52:34.085" endtime="20230213 23:52:34.091"/>
</kw>
<status status="PASS" starttime="20230213 23:52:32.423" endtime="20230213 23:52:34.091"/>
</kw>
<kw name="Type in email">
<kw name="Input Text" library="SeleniumLibrary">
<arg>${LOGIN FIELD}</arg>
<arg>user02@getnada.com</arg>
<doc>Types the given ``text`` into the text field identified by ``locator``.</doc>
<msg timestamp="20230213 23:52:34.092" level="INFO">Typing text 'user02@getnada.com' into text field '//*[@id='login']'.</msg>
<status status="PASS" starttime="20230213 23:52:34.092" endtime="20230213 23:52:34.201"/>
</kw>
<status status="PASS" starttime="20230213 23:52:34.091" endtime="20230213 23:52:34.201"/>
</kw>
<kw name="Type in password">
<kw name="Input Text" library="SeleniumLibrary">
<arg>${PASSWORD FIELD}</arg>
<arg>Test-1234</arg>
<doc>Types the given ``text`` into the text field identified by ``locator``.</doc>
<msg timestamp="20230213 23:52:34.203" level="INFO">Typing text 'Test-1234' into text field '//input[@type='password']'.</msg>
<status status="PASS" starttime="20230213 23:52:34.202" endtime="20230213 23:52:34.269"/>
</kw>
<status status="PASS" starttime="20230213 23:52:34.202" endtime="20230213 23:52:34.269"/>
</kw>
<kw name="Click on the Submit button">
<kw name="Click Element" library="SeleniumLibrary">
<arg>${SIGNINBUTTON}</arg>
<doc>Click the element identified by ``locator``.</doc>
<msg timestamp="20230213 23:52:34.270" level="INFO">Clicking element '//*[@type='submit']'.</msg>
<status status="PASS" starttime="20230213 23:52:34.270" endtime="20230213 23:52:34.302"/>
</kw>
<status status="PASS" starttime="20230213 23:52:34.269" endtime="20230213 23:52:34.302"/>
</kw>
<kw name="Open add match page">
<kw name="Wait Until Element Is Visible" library="SeleniumLibrary">
<arg>${PLAYERS BUTTON}</arg>
<doc>Waits until the element ``locator`` is visible.</doc>
<status status="PASS" starttime="20230213 23:52:34.303" endtime="20230213 23:52:35.583"/>
</kw>
<kw name="Go To" library="SeleniumLibrary">
<arg>${ADD MATCH URL}</arg>
<doc>Navigates the current browser window to the provided ``url``.</doc>
<msg timestamp="20230213 23:52:35.583" level="INFO">Opening url 'https://scouts-test.futbolkolektyw.pl/en/players/62f2bce6159aa3d4fa18f4b2/matches/add'</msg>
<status status="PASS" starttime="20230213 23:52:35.583" endtime="20230213 23:52:35.999"/>
</kw>
<status status="PASS" starttime="20230213 23:52:34.303" endtime="20230213 23:52:35.999"/>
</kw>
<kw name="Type in my team name">
<kw name="Wait Until Element Is Visible" library="SeleniumLibrary">
<arg>${TEAM NAME}</arg>
<doc>Waits until the element ``locator`` is visible.</doc>
<status status="PASS" starttime="20230213 23:52:36.000" endtime="20230213 23:52:36.042"/>
</kw>
<kw name="Input Text" library="SeleniumLibrary">
<arg>${TEAM NAME}</arg>
<arg>First</arg>
<doc>Types the given ``text`` into the text field identified by ``locator``.</doc>
<msg timestamp="20230213 23:52:36.043" level="INFO">Typing text 'First' into text field '//*[@name='myTeam']'.</msg>
<status status="PASS" starttime="20230213 23:52:36.042" endtime="20230213 23:52:36.105"/>
</kw>
<status status="PASS" starttime="20230213 23:52:36.000" endtime="20230213 23:52:36.105"/>
</kw>
<kw name="Type in my team score">
<kw name="Input Text" library="SeleniumLibrary">
<arg>${TEAM SCORE}</arg>
<arg>5</arg>
<doc>Types the given ``text`` into the text field identified by ``locator``.</doc>
<msg timestamp="20230213 23:52:36.106" level="INFO">Typing text '5' into text field '//*[@name='myTeamScore']'.</msg>
<status status="PASS" starttime="20230213 23:52:36.105" endtime="20230213 23:52:36.176"/>
</kw>
<status status="PASS" starttime="20230213 23:52:36.105" endtime="20230213 23:52:36.176"/>
</kw>
<kw name="Type in enemy team name">
<kw name="Input Text" library="SeleniumLibrary">
<arg>${ENEMY TEAM NAME}</arg>
<arg>Second</arg>
<doc>Types the given ``text`` into the text field identified by ``locator``.</doc>
<msg timestamp="20230213 23:52:36.179" level="INFO">Typing text 'Second' into text field '//*[@name='enemyTeam']'.</msg>
<status status="PASS" starttime="20230213 23:52:36.177" endtime="20230213 23:52:36.247"/>
</kw>
<status status="PASS" starttime="20230213 23:52:36.177" endtime="20230213 23:52:36.247"/>
</kw>
<kw name="Type in enemy team score">
<kw name="Input Text" library="SeleniumLibrary">
<arg>${ENEMY TEAM SCORE}</arg>
<arg>3</arg>
<doc>Types the given ``text`` into the text field identified by ``locator``.</doc>
<msg timestamp="20230213 23:52:36.248" level="INFO">Typing text '3' into text field '//*[@name='enemyTeamScore']'.</msg>
<status status="PASS" starttime="20230213 23:52:36.248" endtime="20230213 23:52:36.301"/>
</kw>
<status status="PASS" starttime="20230213 23:52:36.247" endtime="20230213 23:52:36.301"/>
</kw>
<kw name="Type in match date">
<kw name="Input Text" library="SeleniumLibrary">
<arg>${MATCH DATE}</arg>
<arg>02-02-2023</arg>
<doc>Types the given ``text`` into the text field identified by ``locator``.</doc>
<msg timestamp="20230213 23:52:36.302" level="INFO">Typing text '02-02-2023' into text field '//input[@type='date']'.</msg>
<status status="PASS" starttime="20230213 23:52:36.302" endtime="20230213 23:52:36.366"/>
</kw>
<status status="PASS" starttime="20230213 23:52:36.301" endtime="20230213 23:52:36.367"/>
</kw>
<kw name="Click submit match">
<kw name="Click Element" library="SeleniumLibrary">
<arg>${SUBMIT MATCH}</arg>
<doc>Click the element identified by ``locator``.</doc>
<msg timestamp="20230213 23:52:36.368" level="INFO">Clicking element '//form/div[3]/button[1]/span[1]'.</msg>
<status status="PASS" starttime="20230213 23:52:36.367" endtime="20230213 23:52:36.413"/>
</kw>
<status status="PASS" starttime="20230213 23:52:36.367" endtime="20230213 23:52:36.413"/>
</kw>
<kw name="Close Browser" library="SeleniumLibrary" type="TEARDOWN">
<doc>Closes the current browser.</doc>
<status status="PASS" starttime="20230213 23:52:36.413" endtime="20230213 23:52:36.473"/>
</kw>
<status status="PASS" starttime="20230213 23:52:32.423" endtime="20230213 23:52:36.473"/>
</test>
<doc>Suite description #automated tests for scout website</doc>
<status status="PASS" starttime="20230213 23:52:11.798" endtime="20230213 23:52:36.474"/>
</suite>
<statistics>
<total>
<stat pass="6" fail="0" skip="0">All Tests</stat>
</total>
<tag>
</tag>
<suite>
<stat pass="6" fail="0" skip="0" id="s1" name="Test Scouts Football Rf">Test Scouts Football Rf</stat>
</suite>
</statistics>
<errors>
</errors>
</robot>
